[debug] [2020-09-05T13:50:11.019Z] ----------------------------------------------------------------------
[debug] [2020-09-05T13:50:11.021Z] Command:       /usr/local/bin/node /usr/local/bin/firebase emulators:start --only functions
[debug] [2020-09-05T13:50:11.021Z] CLI Version:   8.9.2
[debug] [2020-09-05T13:50:11.021Z] Platform:      darwin
[debug] [2020-09-05T13:50:11.021Z] Node Version:  v12.16.1
[debug] [2020-09-05T13:50:11.022Z] Time:          Sat Sep 05 2020 22:50:11 GMT+0900 (Korean Standard Time)
[debug] [2020-09-05T13:50:11.022Z] ----------------------------------------------------------------------
[debug] [2020-09-05T13:50:11.022Z] 
[debug] [2020-09-05T13:50:11.036Z] > command requires scopes: ["email","openid","https://www.googleapis.com/auth/cloudplatformprojects.readonly","https://www.googleapis.com/auth/firebase","https://www.googleapis.com/auth/cloud-platform"]
[debug] [2020-09-05T13:50:11.036Z] > authorizing via signed-in user
[info] i  emulators: Starting emulators: functions {"metadata":{"emulator":{"name":"hub"},"message":"Starting emulators: functions"}}
[warn] ⚠  emulators: It seems that you are running multiple instances of the emulator suite for project supreme-court-tweet-bot-63f82. This may result in unexpected behavior. 
[debug] [2020-09-05T13:50:11.054Z] [hub] writing locator at /var/folders/_v/v9zvfl_d4sdbjtmm79ngxpxc0000gn/T/hub-supreme-court-tweet-bot-63f82.json
[warn] ⚠  functions: The following emulators are not running, calls to these services from the Functions emulator will affect production: firestore, database, hosting, pubsub {"metadata":{"emulator":{"name":"functions"},"message":"The following emulators are not running, calls to these services from the Functions emulator will affect production: \u001b[1mfirestore, database, hosting, pubsub\u001b[22m"}}
[warn] ⚠  Your requested "node" version "10" doesn't match your global version "12" {"metadata":{"emulator":{"name":"functions"},"message":"Your requested \"node\" version \"10\" doesn't match your global version \"12\""}}
[debug] [2020-09-05T13:50:11.081Z] defaultcredentials: writing to file /Users/jonghyukkim/.config/firebase/hwaseen_gmail_com_application_default_credentials.json
[debug] [2020-09-05T13:50:11.083Z] Setting GAC to /Users/jonghyukkim/.config/firebase/hwaseen_gmail_com_application_default_credentials.json {"metadata":{"emulator":{"name":"functions"},"message":"Setting GAC to /Users/jonghyukkim/.config/firebase/hwaseen_gmail_com_application_default_credentials.json"}}
[warn] ⚠  ui: Emulator UI unable to start on port 4000, starting on 4001 instead. {"metadata":{"emulator":{"name":"ui"},"message":"Emulator UI unable to start on port 4000, starting on 4001 instead."}}
[debug] [2020-09-05T13:50:11.099Z] Ignoring unsupported arg: auto_download {"metadata":{"emulator":{"name":"ui"},"message":"Ignoring unsupported arg: auto_download"}}
[debug] [2020-09-05T13:50:11.099Z] Ignoring unsupported arg: port {"metadata":{"emulator":{"name":"ui"},"message":"Ignoring unsupported arg: port"}}
[debug] [2020-09-05T13:50:11.099Z] Starting Emulator UI with command {"binary":"node","args":["/Users/jonghyukkim/.cache/firebase/emulators/ui-v1.1.1/server.bundle.js"],"optionalArgs":[],"joinArgs":false} {"metadata":{"emulator":{"name":"ui"},"message":"Starting Emulator UI with command {\"binary\":\"node\",\"args\":[\"/Users/jonghyukkim/.cache/firebase/emulators/ui-v1.1.1/server.bundle.js\"],\"optionalArgs\":[],\"joinArgs\":false}"}}
[info] i  ui: Emulator UI logging to ui-debug.log {"metadata":{"emulator":{"name":"ui"},"message":"Emulator UI logging to \u001b[1mui-debug.log\u001b[22m"}}
[debug] [2020-09-05T13:50:11.204Z] Web / API server started at http://localhost:4001
 {"metadata":{"emulator":{"name":"ui"},"message":"Web / API server started at http://localhost:4001\n"}}
[info] i  functions: Watching "/Users/jonghyukkim/dev/supreme-court-serverless/functions" for Cloud Functions... {"metadata":{"emulator":{"name":"functions"},"message":"Watching \"/Users/jonghyukkim/dev/supreme-court-serverless/functions\" for Cloud Functions..."}}
[debug] [2020-09-05T13:50:11.377Z] [worker-pool] addWorker(~diagnostic~) {"metadata":{"emulator":{"name":"functions"},"message":"[worker-pool] addWorker(~diagnostic~)"}}
[debug] [2020-09-05T13:50:11.377Z] [worker-pool] Adding worker with key ~diagnostic~, total=1 {"metadata":{"emulator":{"name":"functions"},"message":"[worker-pool] Adding worker with key ~diagnostic~, total=1"}}
[debug] [2020-09-05T13:50:11.377Z] [worker-pool] submitWork(triggerId=) {"metadata":{"emulator":{"name":"functions"},"message":"[worker-pool] submitWork(triggerId=)"}}
[debug] [2020-09-05T13:50:11.378Z] [worker-~diagnostic~-ba53ee3d-5e21-46aa-8f35-f1c14f37b8af]: Assigning socketPath: /var/folders/_v/v9zvfl_d4sdbjtmm79ngxpxc0000gn/T/fire_emu_13419.sock {"metadata":{"emulator":{"name":"functions"},"message":"[worker-~diagnostic~-ba53ee3d-5e21-46aa-8f35-f1c14f37b8af]: Assigning socketPath: /var/folders/_v/v9zvfl_d4sdbjtmm79ngxpxc0000gn/T/fire_emu_13419.sock"}}
[debug] [2020-09-05T13:50:11.378Z] [worker-~diagnostic~-ba53ee3d-5e21-46aa-8f35-f1c14f37b8af]: BUSY {"metadata":{"emulator":{"name":"functions"},"message":"[worker-~diagnostic~-ba53ee3d-5e21-46aa-8f35-f1c14f37b8af]: BUSY"}}
[debug] [2020-09-05T13:50:11.600Z] [runtime-status] [13419] Functions runtime initialized. {"cwd":"/Users/jonghyukkim/dev/supreme-court-serverless/functions","node_version":"12.16.1"} {"metadata":{"emulator":{"name":"functions"},"message":"[runtime-status] [13419] Functions runtime initialized. {\"cwd\":\"/Users/jonghyukkim/dev/supreme-court-serverless/functions\",\"node_version\":\"12.16.1\"}"}}
[debug] [2020-09-05T13:50:11.601Z] [runtime-status] [13419] Disabled runtime features: undefined {"metadata":{"emulator":{"name":"functions"},"message":"[runtime-status] [13419] Disabled runtime features: undefined"}}
[debug] [2020-09-05T13:50:11.603Z] [runtime-status] [13419] Resolved module firebase-admin {"declared":true,"installed":true,"version":"8.13.0","resolution":"/Users/jonghyukkim/dev/supreme-court-serverless/functions/node_modules/firebase-admin/lib/index.js"} {"metadata":{"emulator":{"name":"functions"},"message":"[runtime-status] [13419] Resolved module firebase-admin {\"declared\":true,\"installed\":true,\"version\":\"8.13.0\",\"resolution\":\"/Users/jonghyukkim/dev/supreme-court-serverless/functions/node_modules/firebase-admin/lib/index.js\"}"}}
[debug] [2020-09-05T13:50:11.605Z] [runtime-status] [13419] Resolved module firebase-functions {"declared":true,"installed":true,"version":"3.11.0","resolution":"/Users/jonghyukkim/dev/supreme-court-serverless/functions/node_modules/firebase-functions/lib/index.js"} {"metadata":{"emulator":{"name":"functions"},"message":"[runtime-status] [13419] Resolved module firebase-functions {\"declared\":true,\"installed\":true,\"version\":\"3.11.0\",\"resolution\":\"/Users/jonghyukkim/dev/supreme-court-serverless/functions/node_modules/firebase-functions/lib/index.js\"}"}}
[debug] [2020-09-05T13:50:11.605Z] [runtime-status] [13419] Resolved module firebase-functions {"declared":true,"installed":true,"version":"3.11.0","resolution":"/Users/jonghyukkim/dev/supreme-court-serverless/functions/node_modules/firebase-functions/lib/index.js"} {"metadata":{"emulator":{"name":"functions"},"message":"[runtime-status] [13419] Resolved module firebase-functions {\"declared\":true,\"installed\":true,\"version\":\"3.11.0\",\"resolution\":\"/Users/jonghyukkim/dev/supreme-court-serverless/functions/node_modules/firebase-functions/lib/index.js\"}"}}
[debug] [2020-09-05T13:50:11.608Z] [runtime-status] [13419] Outgoing network have been stubbed. [{"name":"http","status":"mocked"},{"name":"http","status":"mocked"},{"name":"https","status":"mocked"},{"name":"https","status":"mocked"},{"name":"net","status":"mocked"}] {"metadata":{"emulator":{"name":"functions"},"message":"[runtime-status] [13419] Outgoing network have been stubbed. [{\"name\":\"http\",\"status\":\"mocked\"},{\"name\":\"http\",\"status\":\"mocked\"},{\"name\":\"https\",\"status\":\"mocked\"},{\"name\":\"https\",\"status\":\"mocked\"},{\"name\":\"net\",\"status\":\"mocked\"}]"}}
[debug] [2020-09-05T13:50:11.609Z] [runtime-status] [13419] Resolved module firebase-functions {"declared":true,"installed":true,"version":"3.11.0","resolution":"/Users/jonghyukkim/dev/supreme-court-serverless/functions/node_modules/firebase-functions/lib/index.js"} {"metadata":{"emulator":{"name":"functions"},"message":"[runtime-status] [13419] Resolved module firebase-functions {\"declared\":true,\"installed\":true,\"version\":\"3.11.0\",\"resolution\":\"/Users/jonghyukkim/dev/supreme-court-serverless/functions/node_modules/firebase-functions/lib/index.js\"}"}}
[debug] [2020-09-05T13:50:11.649Z] [runtime-status] [13419] Checked functions.config() {"config":{}} {"metadata":{"emulator":{"name":"functions"},"message":"[runtime-status] [13419] Checked functions.config() {\"config\":{}}"}}
[debug] [2020-09-05T13:50:11.649Z] [runtime-status] [13419] firebase-functions has been stubbed. {"functionsResolution":{"declared":true,"installed":true,"version":"3.11.0","resolution":"/Users/jonghyukkim/dev/supreme-court-serverless/functions/node_modules/firebase-functions/lib/index.js"}} {"metadata":{"emulator":{"name":"functions"},"message":"[runtime-status] [13419] firebase-functions has been stubbed. {\"functionsResolution\":{\"declared\":true,\"installed\":true,\"version\":\"3.11.0\",\"resolution\":\"/Users/jonghyukkim/dev/supreme-court-serverless/functions/node_modules/firebase-functions/lib/index.js\"}}"}}
[debug] [2020-09-05T13:50:11.650Z] [runtime-status] [13419] Resolved module firebase-functions {"declared":true,"installed":true,"version":"3.11.0","resolution":"/Users/jonghyukkim/dev/supreme-court-serverless/functions/node_modules/firebase-functions/lib/index.js"} {"metadata":{"emulator":{"name":"functions"},"message":"[runtime-status] [13419] Resolved module firebase-functions {\"declared\":true,\"installed\":true,\"version\":\"3.11.0\",\"resolution\":\"/Users/jonghyukkim/dev/supreme-court-serverless/functions/node_modules/firebase-functions/lib/index.js\"}"}}
[debug] [2020-09-05T13:50:11.650Z] [runtime-status] [13419] Resolved module firebase-admin {"declared":true,"installed":true,"version":"8.13.0","resolution":"/Users/jonghyukkim/dev/supreme-court-serverless/functions/node_modules/firebase-admin/lib/index.js"} {"metadata":{"emulator":{"name":"functions"},"message":"[runtime-status] [13419] Resolved module firebase-admin {\"declared\":true,\"installed\":true,\"version\":\"8.13.0\",\"resolution\":\"/Users/jonghyukkim/dev/supreme-court-serverless/functions/node_modules/firebase-admin/lib/index.js\"}"}}
[debug] [2020-09-05T13:50:11.651Z] [runtime-status] [13419] Resolved module firebase-functions {"declared":true,"installed":true,"version":"3.11.0","resolution":"/Users/jonghyukkim/dev/supreme-court-serverless/functions/node_modules/firebase-functions/lib/index.js"} {"metadata":{"emulator":{"name":"functions"},"message":"[runtime-status] [13419] Resolved module firebase-functions {\"declared\":true,\"installed\":true,\"version\":\"3.11.0\",\"resolution\":\"/Users/jonghyukkim/dev/supreme-court-serverless/functions/node_modules/firebase-functions/lib/index.js\"}"}}
[debug] [2020-09-05T13:50:11.651Z] [runtime-status] [13419] firebase-admin has been stubbed. {"adminResolution":{"declared":true,"installed":true,"version":"8.13.0","resolution":"/Users/jonghyukkim/dev/supreme-court-serverless/functions/node_modules/firebase-admin/lib/index.js"}} {"metadata":{"emulator":{"name":"functions"},"message":"[runtime-status] [13419] firebase-admin has been stubbed. {\"adminResolution\":{\"declared\":true,\"installed\":true,\"version\":\"8.13.0\",\"resolution\":\"/Users/jonghyukkim/dev/supreme-court-serverless/functions/node_modules/firebase-admin/lib/index.js\"}}"}}
[debug] [2020-09-05T13:50:11.748Z] [runtime-status] [13419] initializeApp(DEFAULT) {"credential":{"implicit":true,"refreshToken":{"clientId":"563584335869-fgrhgmd47bqnekij5i8b5pr03ho849e6.apps.googleusercontent.com","clientSecret":"j9iVZfS8kkCEFUPaAeJV0sAi","refreshToken":"1//0er7oKqWz6H2UCgYIARAAGA4SNwF-L9IrBH5eHGFwkL78vXZxKqfgYPI0saZo3pxWKHSoHVF8ZAJnrzDHdoonfpyf2RBUIi3ld20","type":"authorized_user"},"httpClient":{"retry":{"maxRetries":4,"statusCodes":[503],"ioErrorCodes":["ECONNRESET","ETIMEDOUT"],"backOffFactor":0.5,"maxDelayInMillis":60000}}},"databaseURL":"https://supreme-court-tweet-bot-63f82.firebaseio.com/"} {"metadata":{"emulator":{"name":"functions"},"message":"[runtime-status] [13419] initializeApp(DEFAULT) {\"credential\":{\"implicit\":true,\"refreshToken\":{\"clientId\":\"563584335869-fgrhgmd47bqnekij5i8b5pr03ho849e6.apps.googleusercontent.com\",\"clientSecret\":\"j9iVZfS8kkCEFUPaAeJV0sAi\",\"refreshToken\":\"1//0er7oKqWz6H2UCgYIARAAGA4SNwF-L9IrBH5eHGFwkL78vXZxKqfgYPI0saZo3pxWKHSoHVF8ZAJnrzDHdoonfpyf2RBUIi3ld20\",\"type\":\"authorized_user\"},\"httpClient\":{\"retry\":{\"maxRetries\":4,\"statusCodes\":[503],\"ioErrorCodes\":[\"ECONNRESET\",\"ETIMEDOUT\"],\"backOffFactor\":0.5,\"maxDelayInMillis\":60000}}},\"databaseURL\":\"https://supreme-court-tweet-bot-63f82.firebaseio.com/\"}"}}
[info] ✔  functions[precedentCrawler]: http function initialized (http://localhost:5001/supreme-court-tweet-bot-63f82/us-central1/precedentCrawler). {"metadata":{"emulator":{"name":"functions"},"message":"\u001b[1mhttp\u001b[22m function initialized (http://localhost:5001/supreme-court-tweet-bot-63f82/us-central1/precedentCrawler)."}}
[info] ✔  functions[tweetBot]: http function initialized (http://localhost:5001/supreme-court-tweet-bot-63f82/us-central1/tweetBot). {"metadata":{"emulator":{"name":"functions"},"message":"\u001b[1mhttp\u001b[22m function initialized (http://localhost:5001/supreme-court-tweet-bot-63f82/us-central1/tweetBot)."}}
[info] 
┌───────────────────────────────────────────────────────────────────────┐
│ ✔  All emulators ready! View status and logs at http://localhost:4001 │
└───────────────────────────────────────────────────────────────────────┘

┌───────────┬────────────────┬─────────────────────────────────┐
│ Emulator  │ Host:Port      │ View in Emulator UI             │
├───────────┼────────────────┼─────────────────────────────────┤
│ Functions │ localhost:5001 │ http://localhost:4001/functions │
└───────────┴────────────────┴─────────────────────────────────┘
  Other reserved ports: 4400, 4500

Issues? Report them at https://github.com/firebase/firebase-tools/issues and attach the *-debug.log files.
 
[debug] [2020-09-05T13:50:11.755Z] [worker-~diagnostic~-ba53ee3d-5e21-46aa-8f35-f1c14f37b8af]: IDLE {"metadata":{"emulator":{"name":"functions"},"message":"[worker-~diagnostic~-ba53ee3d-5e21-46aa-8f35-f1c14f37b8af]: IDLE"}}
[debug] [2020-09-05T13:50:15.488Z] [work-queue] {"queueLength":1,"workRunningCount":0}
[debug] [2020-09-05T13:50:15.488Z] [work-queue] {"queueLength":0,"workRunningCount":1}
[debug] [2020-09-05T13:50:15.488Z] Accepted request GET /supreme-court-tweet-bot-63f82/us-central1/precedentCrawler --> precedentCrawler
[debug] [2020-09-05T13:50:15.493Z] [worker-pool] addWorker(precedentCrawler) {"metadata":{"emulator":{"name":"functions"},"message":"[worker-pool] addWorker(precedentCrawler)"}}
[debug] [2020-09-05T13:50:15.494Z] [worker-pool] Adding worker with key precedentCrawler, total=1 {"metadata":{"emulator":{"name":"functions"},"message":"[worker-pool] Adding worker with key precedentCrawler, total=1"}}
[debug] [2020-09-05T13:50:15.494Z] [worker-pool] submitWork(triggerId=precedentCrawler) {"metadata":{"emulator":{"name":"functions"},"message":"[worker-pool] submitWork(triggerId=precedentCrawler)"}}
[debug] [2020-09-05T13:50:15.494Z] [worker-precedentCrawler-44683954-67a2-408b-b43a-66cb36fd9e7b]: Assigning socketPath: /var/folders/_v/v9zvfl_d4sdbjtmm79ngxpxc0000gn/T/fire_emu_13423.sock {"metadata":{"emulator":{"name":"functions"},"message":"[worker-precedentCrawler-44683954-67a2-408b-b43a-66cb36fd9e7b]: Assigning socketPath: /var/folders/_v/v9zvfl_d4sdbjtmm79ngxpxc0000gn/T/fire_emu_13423.sock"}}
[debug] [2020-09-05T13:50:15.494Z] [worker-precedentCrawler-44683954-67a2-408b-b43a-66cb36fd9e7b]: BUSY {"metadata":{"emulator":{"name":"functions"},"message":"[worker-precedentCrawler-44683954-67a2-408b-b43a-66cb36fd9e7b]: BUSY"}}
[debug] [2020-09-05T13:50:15.778Z] [runtime-status] [13423] Functions runtime initialized. {"cwd":"/Users/jonghyukkim/dev/supreme-court-serverless/functions","node_version":"12.16.1"} {"metadata":{"emulator":{"name":"functions"},"function":{"name":"precedentCrawler"},"message":"[runtime-status] [13423] Functions runtime initialized. {\"cwd\":\"/Users/jonghyukkim/dev/supreme-court-serverless/functions\",\"node_version\":\"12.16.1\"}"}}
[debug] [2020-09-05T13:50:15.778Z] [runtime-status] [13423] Disabled runtime features: undefined {"metadata":{"emulator":{"name":"functions"},"function":{"name":"precedentCrawler"},"message":"[runtime-status] [13423] Disabled runtime features: undefined"}}
[debug] [2020-09-05T13:50:15.782Z] [runtime-status] [13423] Resolved module firebase-admin {"declared":true,"installed":true,"version":"8.13.0","resolution":"/Users/jonghyukkim/dev/supreme-court-serverless/functions/node_modules/firebase-admin/lib/index.js"} {"metadata":{"emulator":{"name":"functions"},"function":{"name":"precedentCrawler"},"message":"[runtime-status] [13423] Resolved module firebase-admin {\"declared\":true,\"installed\":true,\"version\":\"8.13.0\",\"resolution\":\"/Users/jonghyukkim/dev/supreme-court-serverless/functions/node_modules/firebase-admin/lib/index.js\"}"}}
[debug] [2020-09-05T13:50:15.783Z] [runtime-status] [13423] Resolved module firebase-functions {"declared":true,"installed":true,"version":"3.11.0","resolution":"/Users/jonghyukkim/dev/supreme-court-serverless/functions/node_modules/firebase-functions/lib/index.js"} {"metadata":{"emulator":{"name":"functions"},"function":{"name":"precedentCrawler"},"message":"[runtime-status] [13423] Resolved module firebase-functions {\"declared\":true,\"installed\":true,\"version\":\"3.11.0\",\"resolution\":\"/Users/jonghyukkim/dev/supreme-court-serverless/functions/node_modules/firebase-functions/lib/index.js\"}"}}
[debug] [2020-09-05T13:50:15.783Z] [runtime-status] [13423] Resolved module firebase-functions {"declared":true,"installed":true,"version":"3.11.0","resolution":"/Users/jonghyukkim/dev/supreme-court-serverless/functions/node_modules/firebase-functions/lib/index.js"} {"metadata":{"emulator":{"name":"functions"},"function":{"name":"precedentCrawler"},"message":"[runtime-status] [13423] Resolved module firebase-functions {\"declared\":true,\"installed\":true,\"version\":\"3.11.0\",\"resolution\":\"/Users/jonghyukkim/dev/supreme-court-serverless/functions/node_modules/firebase-functions/lib/index.js\"}"}}
[debug] [2020-09-05T13:50:15.787Z] [runtime-status] [13423] Outgoing network have been stubbed. [{"name":"http","status":"mocked"},{"name":"http","status":"mocked"},{"name":"https","status":"mocked"},{"name":"https","status":"mocked"},{"name":"net","status":"mocked"}] {"metadata":{"emulator":{"name":"functions"},"function":{"name":"precedentCrawler"},"message":"[runtime-status] [13423] Outgoing network have been stubbed. [{\"name\":\"http\",\"status\":\"mocked\"},{\"name\":\"http\",\"status\":\"mocked\"},{\"name\":\"https\",\"status\":\"mocked\"},{\"name\":\"https\",\"status\":\"mocked\"},{\"name\":\"net\",\"status\":\"mocked\"}]"}}
[debug] [2020-09-05T13:50:15.787Z] [runtime-status] [13423] Resolved module firebase-functions {"declared":true,"installed":true,"version":"3.11.0","resolution":"/Users/jonghyukkim/dev/supreme-court-serverless/functions/node_modules/firebase-functions/lib/index.js"} {"metadata":{"emulator":{"name":"functions"},"function":{"name":"precedentCrawler"},"message":"[runtime-status] [13423] Resolved module firebase-functions {\"declared\":true,\"installed\":true,\"version\":\"3.11.0\",\"resolution\":\"/Users/jonghyukkim/dev/supreme-court-serverless/functions/node_modules/firebase-functions/lib/index.js\"}"}}
[debug] [2020-09-05T13:50:15.874Z] [runtime-status] [13423] Checked functions.config() {"config":{}} {"metadata":{"emulator":{"name":"functions"},"function":{"name":"precedentCrawler"},"message":"[runtime-status] [13423] Checked functions.config() {\"config\":{}}"}}
[debug] [2020-09-05T13:50:15.874Z] [runtime-status] [13423] firebase-functions has been stubbed. {"functionsResolution":{"declared":true,"installed":true,"version":"3.11.0","resolution":"/Users/jonghyukkim/dev/supreme-court-serverless/functions/node_modules/firebase-functions/lib/index.js"}} {"metadata":{"emulator":{"name":"functions"},"function":{"name":"precedentCrawler"},"message":"[runtime-status] [13423] firebase-functions has been stubbed. {\"functionsResolution\":{\"declared\":true,\"installed\":true,\"version\":\"3.11.0\",\"resolution\":\"/Users/jonghyukkim/dev/supreme-court-serverless/functions/node_modules/firebase-functions/lib/index.js\"}}"}}
[debug] [2020-09-05T13:50:15.875Z] [runtime-status] [13423] Resolved module firebase-functions {"declared":true,"installed":true,"version":"3.11.0","resolution":"/Users/jonghyukkim/dev/supreme-court-serverless/functions/node_modules/firebase-functions/lib/index.js"} {"metadata":{"emulator":{"name":"functions"},"function":{"name":"precedentCrawler"},"message":"[runtime-status] [13423] Resolved module firebase-functions {\"declared\":true,\"installed\":true,\"version\":\"3.11.0\",\"resolution\":\"/Users/jonghyukkim/dev/supreme-court-serverless/functions/node_modules/firebase-functions/lib/index.js\"}"}}
[debug] [2020-09-05T13:50:15.876Z] [runtime-status] [13423] Resolved module firebase-admin {"declared":true,"installed":true,"version":"8.13.0","resolution":"/Users/jonghyukkim/dev/supreme-court-serverless/functions/node_modules/firebase-admin/lib/index.js"} {"metadata":{"emulator":{"name":"functions"},"function":{"name":"precedentCrawler"},"message":"[runtime-status] [13423] Resolved module firebase-admin {\"declared\":true,\"installed\":true,\"version\":\"8.13.0\",\"resolution\":\"/Users/jonghyukkim/dev/supreme-court-serverless/functions/node_modules/firebase-admin/lib/index.js\"}"}}
[debug] [2020-09-05T13:50:15.876Z] [runtime-status] [13423] Resolved module firebase-functions {"declared":true,"installed":true,"version":"3.11.0","resolution":"/Users/jonghyukkim/dev/supreme-court-serverless/functions/node_modules/firebase-functions/lib/index.js"} {"metadata":{"emulator":{"name":"functions"},"function":{"name":"precedentCrawler"},"message":"[runtime-status] [13423] Resolved module firebase-functions {\"declared\":true,\"installed\":true,\"version\":\"3.11.0\",\"resolution\":\"/Users/jonghyukkim/dev/supreme-court-serverless/functions/node_modules/firebase-functions/lib/index.js\"}"}}
[debug] [2020-09-05T13:50:15.876Z] [runtime-status] [13423] firebase-admin has been stubbed. {"adminResolution":{"declared":true,"installed":true,"version":"8.13.0","resolution":"/Users/jonghyukkim/dev/supreme-court-serverless/functions/node_modules/firebase-admin/lib/index.js"}} {"metadata":{"emulator":{"name":"functions"},"function":{"name":"precedentCrawler"},"message":"[runtime-status] [13423] firebase-admin has been stubbed. {\"adminResolution\":{\"declared\":true,\"installed\":true,\"version\":\"8.13.0\",\"resolution\":\"/Users/jonghyukkim/dev/supreme-court-serverless/functions/node_modules/firebase-admin/lib/index.js\"}}"}}
[debug] [2020-09-05T13:50:15.929Z] [runtime-status] [13423] initializeApp(DEFAULT) {"credential":{"implicit":true,"refreshToken":{"clientId":"563584335869-fgrhgmd47bqnekij5i8b5pr03ho849e6.apps.googleusercontent.com","clientSecret":"j9iVZfS8kkCEFUPaAeJV0sAi","refreshToken":"1//0er7oKqWz6H2UCgYIARAAGA4SNwF-L9IrBH5eHGFwkL78vXZxKqfgYPI0saZo3pxWKHSoHVF8ZAJnrzDHdoonfpyf2RBUIi3ld20","type":"authorized_user"},"httpClient":{"retry":{"maxRetries":4,"statusCodes":[503],"ioErrorCodes":["ECONNRESET","ETIMEDOUT"],"backOffFactor":0.5,"maxDelayInMillis":60000}}},"databaseURL":"https://supreme-court-tweet-bot-63f82.firebaseio.com/"} {"metadata":{"emulator":{"name":"functions"},"function":{"name":"precedentCrawler"},"message":"[runtime-status] [13423] initializeApp(DEFAULT) {\"credential\":{\"implicit\":true,\"refreshToken\":{\"clientId\":\"563584335869-fgrhgmd47bqnekij5i8b5pr03ho849e6.apps.googleusercontent.com\",\"clientSecret\":\"j9iVZfS8kkCEFUPaAeJV0sAi\",\"refreshToken\":\"1//0er7oKqWz6H2UCgYIARAAGA4SNwF-L9IrBH5eHGFwkL78vXZxKqfgYPI0saZo3pxWKHSoHVF8ZAJnrzDHdoonfpyf2RBUIi3ld20\",\"type\":\"authorized_user\"},\"httpClient\":{\"retry\":{\"maxRetries\":4,\"statusCodes\":[503],\"ioErrorCodes\":[\"ECONNRESET\",\"ETIMEDOUT\"],\"backOffFactor\":0.5,\"maxDelayInMillis\":60000}}},\"databaseURL\":\"https://supreme-court-tweet-bot-63f82.firebaseio.com/\"}"}}
[debug] [2020-09-05T13:50:15.931Z] [runtime-status] [13423] Trigger "precedentCrawler" has been found, beginning invocation! {"metadata":{"emulator":{"name":"functions"},"function":{"name":"precedentCrawler"},"message":"[runtime-status] [13423] Trigger \"precedentCrawler\" has been found, beginning invocation!"}}
[info] i  functions: Beginning execution of "precedentCrawler" {"metadata":{"emulator":{"name":"functions"},"function":{"name":"precedentCrawler"},"message":"Beginning execution of \"precedentCrawler\""}}
[debug] [2020-09-05T13:50:15.931Z] [runtime-status] [13423] triggerDefinition {"timeout":"300s","availableMemoryMb":256,"httpsTrigger":{},"name":"precedentCrawler","entryPoint":"precedentCrawler"} {"metadata":{"emulator":{"name":"functions"},"function":{"name":"precedentCrawler"},"message":"[runtime-status] [13423] triggerDefinition {\"timeout\":\"300s\",\"availableMemoryMb\":256,\"httpsTrigger\":{},\"name\":\"precedentCrawler\",\"entryPoint\":\"precedentCrawler\"}"}}
[debug] [2020-09-05T13:50:15.931Z] [runtime-status] [13423] Running precedentCrawler in mode HTTPS {"metadata":{"emulator":{"name":"functions"},"function":{"name":"precedentCrawler"},"message":"[runtime-status] [13423] Running precedentCrawler in mode HTTPS"}}
[debug] [2020-09-05T13:50:15.934Z] [runtime-status] [13423] Attempting to listen to socketPath: /var/folders/_v/v9zvfl_d4sdbjtmm79ngxpxc0000gn/T/fire_emu_13423.sock {"metadata":{"emulator":{"name":"functions"},"function":{"name":"precedentCrawler"},"message":"[runtime-status] [13423] Attempting to listen to socketPath: /var/folders/_v/v9zvfl_d4sdbjtmm79ngxpxc0000gn/T/fire_emu_13423.sock"}}
[debug] [2020-09-05T13:50:15.936Z] [functions] Runtime ready! Sending request! {"metadata":{"emulator":{"name":"functions"},"message":"[functions] Runtime ready! Sending request!"}}
[debug] [2020-09-05T13:50:15.943Z] [runtime-status] [13423] Ephemeral server handling GET request {"metadata":{"emulator":{"name":"functions"},"function":{"name":"precedentCrawler"},"message":"[runtime-status] [13423] Ephemeral server handling GET request"}}
[warn] ⚠  functions: The Realtime Database emulator is not running, so calls to Realtime Database will affect production. {"metadata":{"emulator":{"name":"functions"},"function":{"name":"precedentCrawler"},"message":"The Realtime Database emulator is not running, so calls to Realtime Database will affect production."}}
[info] >  **** 마지막으로 크롤링된 판례 수 : 510개 **** {"user":"**** 마지막으로 크롤링된 판례 수 : 510개 ****","metadata":{"emulator":{"name":"functions"},"function":{"name":"precedentCrawler"},"message":"\u001b[90m> \u001b[39m **** 마지막으로 크롤링된 판례 수 : 510개 ****"}}
[info] >  1.크롤링 시작 {"user":"1.크롤링 시작","metadata":{"emulator":{"name":"functions"},"function":{"name":"precedentCrawler"},"message":"\u001b[90m> \u001b[39m 1.크롤링 시작"}}
[info] >  2.초기 페이지 세팅 {"user":"2.초기 페이지 세팅","metadata":{"emulator":{"name":"functions"},"function":{"name":"precedentCrawler"},"message":"\u001b[90m> \u001b[39m 2.초기 페이지 세팅"}}
[info] >  3.크롤링을 시작합니다 {"user":"3.크롤링을 시작합니다","metadata":{"emulator":{"name":"functions"},"function":{"name":"precedentCrawler"},"message":"\u001b[90m> \u001b[39m 3.크롤링을 시작합니다"}}
[info] >  - 1 페이지에서 발견한 판례 개수 80개 {"user":"- 1 페이지에서 발견한 판례 개수 80개","metadata":{"emulator":{"name":"functions"},"function":{"name":"precedentCrawler"},"message":"\u001b[90m> \u001b[39m - 1 페이지에서 발견한 판례 개수 80개"}}
[info] >  * 1 페이지에서 크롤링 완료된 판례 개수 80개 {"user":"* 1 페이지에서 크롤링 완료된 판례 개수 80개","metadata":{"emulator":{"name":"functions"},"function":{"name":"precedentCrawler"},"message":"\u001b[90m> \u001b[39m * 1 페이지에서 크롤링 완료된 판례 개수 80개"}}
[info] >  - 2 페이지에서 발견한 판례 개수 80개 {"user":"- 2 페이지에서 발견한 판례 개수 80개","metadata":{"emulator":{"name":"functions"},"function":{"name":"precedentCrawler"},"message":"\u001b[90m> \u001b[39m - 2 페이지에서 발견한 판례 개수 80개"}}
[info] >  * 2 페이지에서 크롤링 완료된 판례 개수 80개 {"user":"* 2 페이지에서 크롤링 완료된 판례 개수 80개","metadata":{"emulator":{"name":"functions"},"function":{"name":"precedentCrawler"},"message":"\u001b[90m> \u001b[39m * 2 페이지에서 크롤링 완료된 판례 개수 80개"}}
[info] >  - 3 페이지에서 발견한 판례 개수 80개 {"user":"- 3 페이지에서 발견한 판례 개수 80개","metadata":{"emulator":{"name":"functions"},"function":{"name":"precedentCrawler"},"message":"\u001b[90m> \u001b[39m - 3 페이지에서 발견한 판례 개수 80개"}}
[info] >  * 3 페이지에서 크롤링 완료된 판례 개수 80개 {"user":"* 3 페이지에서 크롤링 완료된 판례 개수 80개","metadata":{"emulator":{"name":"functions"},"function":{"name":"precedentCrawler"},"message":"\u001b[90m> \u001b[39m * 3 페이지에서 크롤링 완료된 판례 개수 80개"}}
[info] >  - 4 페이지에서 발견한 판례 개수 80개 {"user":"- 4 페이지에서 발견한 판례 개수 80개","metadata":{"emulator":{"name":"functions"},"function":{"name":"precedentCrawler"},"message":"\u001b[90m> \u001b[39m - 4 페이지에서 발견한 판례 개수 80개"}}
[info] >  * 4 페이지에서 크롤링 완료된 판례 개수 80개 {"user":"* 4 페이지에서 크롤링 완료된 판례 개수 80개","metadata":{"emulator":{"name":"functions"},"function":{"name":"precedentCrawler"},"message":"\u001b[90m> \u001b[39m * 4 페이지에서 크롤링 완료된 판례 개수 80개"}}
[info] >  - 5 페이지에서 발견한 판례 개수 80개 {"user":"- 5 페이지에서 발견한 판례 개수 80개","metadata":{"emulator":{"name":"functions"},"function":{"name":"precedentCrawler"},"message":"\u001b[90m> \u001b[39m - 5 페이지에서 발견한 판례 개수 80개"}}
[info] >  * 5 페이지에서 크롤링 완료된 판례 개수 80개 {"user":"* 5 페이지에서 크롤링 완료된 판례 개수 80개","metadata":{"emulator":{"name":"functions"},"function":{"name":"precedentCrawler"},"message":"\u001b[90m> \u001b[39m * 5 페이지에서 크롤링 완료된 판례 개수 80개"}}
[info] >  - 6 페이지에서 발견한 판례 개수 80개 {"user":"- 6 페이지에서 발견한 판례 개수 80개","metadata":{"emulator":{"name":"functions"},"function":{"name":"precedentCrawler"},"message":"\u001b[90m> \u001b[39m - 6 페이지에서 발견한 판례 개수 80개"}}
[info] >  * 6 페이지에서 크롤링 완료된 판례 개수 80개 {"user":"* 6 페이지에서 크롤링 완료된 판례 개수 80개","metadata":{"emulator":{"name":"functions"},"function":{"name":"precedentCrawler"},"message":"\u001b[90m> \u001b[39m * 6 페이지에서 크롤링 완료된 판례 개수 80개"}}
[info] >  - 7 페이지에서 발견한 판례 개수 31개 {"user":"- 7 페이지에서 발견한 판례 개수 31개","metadata":{"emulator":{"name":"functions"},"function":{"name":"precedentCrawler"},"message":"\u001b[90m> \u001b[39m - 7 페이지에서 발견한 판례 개수 31개"}}
[info] >  * 7 페이지에서 크롤링 완료된 판례 개수 30개 {"user":"* 7 페이지에서 크롤링 완료된 판례 개수 30개","metadata":{"emulator":{"name":"functions"},"function":{"name":"precedentCrawler"},"message":"\u001b[90m> \u001b[39m * 7 페이지에서 크롤링 완료된 판례 개수 30개"}}
[info] >  4. 총 510개의 판례 크롤링을 완료했습니다. {"user":"4. 총 510개의 판례 크롤링을 완료했습니다.","metadata":{"emulator":{"name":"functions"},"function":{"name":"precedentCrawler"},"message":"\u001b[90m> \u001b[39m 4. 총 510개의 판례 크롤링을 완료했습니다."}}
[info] >  5. 데이터베이스에 현재 사이트에 공개된 대법원 판례 개수(511)를 기록합니다. {"user":"5. 데이터베이스에 현재 사이트에 공개된 대법원 판례 개수(511)를 기록합니다.","metadata":{"emulator":{"name":"functions"},"function":{"name":"precedentCrawler"},"message":"\u001b[90m> \u001b[39m 5. 데이터베이스에 현재 사이트에 공개된 대법원 판례 개수(511)를 기록합니다."}}
[info] >  6. 새로운 NaN개의 판례를 supreme-court-api를 통해 판례 데이터베이스에 저장합니다. {"user":"6. 새로운 NaN개의 판례를 supreme-court-api를 통해 판례 데이터베이스에 저장합니다.","metadata":{"emulator":{"name":"functions"},"function":{"name":"precedentCrawler"},"message":"\u001b[90m> \u001b[39m 6. 새로운 NaN개의 판례를 supreme-court-api를 통해 판례 데이터베이스에 저장합니다."}}
[debug] [2020-09-05T13:50:55.000Z] [runtime-status] [13423] Ephemeral server survived. {"metadata":{"emulator":{"name":"functions"},"function":{"name":"precedentCrawler"},"message":"[runtime-status] [13423] Ephemeral server survived."}}
[info] i  functions: Finished "precedentCrawler" in ~39s {"metadata":{"emulator":{"name":"functions"},"function":{"name":"precedentCrawler"},"message":"Finished \"precedentCrawler\" in ~39s"}}
[debug] [2020-09-05T13:50:55.001Z] [worker-precedentCrawler-44683954-67a2-408b-b43a-66cb36fd9e7b]: IDLE {"metadata":{"emulator":{"name":"functions"},"message":"[worker-precedentCrawler-44683954-67a2-408b-b43a-66cb36fd9e7b]: IDLE"}}
[debug] [2020-09-05T13:50:55.001Z] [work-queue] {"queueLength":0,"workRunningCount":0}
[debug] [2020-09-05T14:16:59.285Z] File /Users/jonghyukkim/dev/supreme-court-serverless/functions/src/index.js changed, reloading triggers {"metadata":{"emulator":{"name":"functions"},"message":"File /Users/jonghyukkim/dev/supreme-court-serverless/functions/src/index.js changed, reloading triggers"}}
[debug] [2020-09-05T14:17:00.295Z] [worker-pool] Shutting down IDLE worker (~diagnostic~) {"metadata":{"emulator":{"name":"functions"},"message":"[worker-pool] Shutting down IDLE worker (~diagnostic~)"}}
[debug] [2020-09-05T14:17:00.296Z] [worker-~diagnostic~-ba53ee3d-5e21-46aa-8f35-f1c14f37b8af]: FINISHING {"metadata":{"emulator":{"name":"functions"},"message":"[worker-~diagnostic~-ba53ee3d-5e21-46aa-8f35-f1c14f37b8af]: FINISHING"}}
[debug] [2020-09-05T14:17:00.298Z] [worker-pool] Shutting down IDLE worker (precedentCrawler) {"metadata":{"emulator":{"name":"functions"},"message":"[worker-pool] Shutting down IDLE worker (precedentCrawler)"}}
[debug] [2020-09-05T14:17:00.298Z] [worker-precedentCrawler-44683954-67a2-408b-b43a-66cb36fd9e7b]: FINISHING {"metadata":{"emulator":{"name":"functions"},"message":"[worker-precedentCrawler-44683954-67a2-408b-b43a-66cb36fd9e7b]: FINISHING"}}
[debug] [2020-09-05T14:17:00.313Z] [worker-pool] addWorker(~diagnostic~) {"metadata":{"emulator":{"name":"functions"},"message":"[worker-pool] addWorker(~diagnostic~)"}}
[debug] [2020-09-05T14:17:00.313Z] [worker-pool] Adding worker with key ~diagnostic~, total=2 {"metadata":{"emulator":{"name":"functions"},"message":"[worker-pool] Adding worker with key ~diagnostic~, total=2"}}
[debug] [2020-09-05T14:17:00.314Z] [worker-pool] submitWork(triggerId=) {"metadata":{"emulator":{"name":"functions"},"message":"[worker-pool] submitWork(triggerId=)"}}
[debug] [2020-09-05T14:17:00.314Z] [worker-~diagnostic~-e7c893bf-8d13-409a-bc9c-d4ab68584a12]: Assigning socketPath: /var/folders/_v/v9zvfl_d4sdbjtmm79ngxpxc0000gn/T/fire_emu_13584.sock {"metadata":{"emulator":{"name":"functions"},"message":"[worker-~diagnostic~-e7c893bf-8d13-409a-bc9c-d4ab68584a12]: Assigning socketPath: /var/folders/_v/v9zvfl_d4sdbjtmm79ngxpxc0000gn/T/fire_emu_13584.sock"}}
[debug] [2020-09-05T14:17:00.314Z] [worker-~diagnostic~-e7c893bf-8d13-409a-bc9c-d4ab68584a12]: BUSY {"metadata":{"emulator":{"name":"functions"},"message":"[worker-~diagnostic~-e7c893bf-8d13-409a-bc9c-d4ab68584a12]: BUSY"}}
[debug] [2020-09-05T14:17:00.316Z] [worker-~diagnostic~-ba53ee3d-5e21-46aa-8f35-f1c14f37b8af]: exited {"metadata":{"emulator":{"name":"functions"},"message":"[worker-~diagnostic~-ba53ee3d-5e21-46aa-8f35-f1c14f37b8af]: exited"}}
[debug] [2020-09-05T14:17:00.317Z] [worker-~diagnostic~-ba53ee3d-5e21-46aa-8f35-f1c14f37b8af]: FINISHED {"metadata":{"emulator":{"name":"functions"},"message":"[worker-~diagnostic~-ba53ee3d-5e21-46aa-8f35-f1c14f37b8af]: FINISHED"}}
[debug] [2020-09-05T14:17:00.317Z] [worker-precedentCrawler-44683954-67a2-408b-b43a-66cb36fd9e7b]: exited {"metadata":{"emulator":{"name":"functions"},"message":"[worker-precedentCrawler-44683954-67a2-408b-b43a-66cb36fd9e7b]: exited"}}
[debug] [2020-09-05T14:17:00.317Z] [worker-precedentCrawler-44683954-67a2-408b-b43a-66cb36fd9e7b]: FINISHED {"metadata":{"emulator":{"name":"functions"},"message":"[worker-precedentCrawler-44683954-67a2-408b-b43a-66cb36fd9e7b]: FINISHED"}}
[debug] [2020-09-05T14:17:00.863Z] [runtime-status] [13584] Functions runtime initialized. {"cwd":"/Users/jonghyukkim/dev/supreme-court-serverless/functions","node_version":"12.16.1"} {"metadata":{"emulator":{"name":"functions"},"message":"[runtime-status] [13584] Functions runtime initialized. {\"cwd\":\"/Users/jonghyukkim/dev/supreme-court-serverless/functions\",\"node_version\":\"12.16.1\"}"}}
[debug] [2020-09-05T14:17:00.865Z] [runtime-status] [13584] Disabled runtime features: undefined {"metadata":{"emulator":{"name":"functions"},"message":"[runtime-status] [13584] Disabled runtime features: undefined"}}
[debug] [2020-09-05T14:17:00.867Z] [runtime-status] [13584] Resolved module firebase-admin {"declared":true,"installed":true,"version":"8.13.0","resolution":"/Users/jonghyukkim/dev/supreme-court-serverless/functions/node_modules/firebase-admin/lib/index.js"} {"metadata":{"emulator":{"name":"functions"},"message":"[runtime-status] [13584] Resolved module firebase-admin {\"declared\":true,\"installed\":true,\"version\":\"8.13.0\",\"resolution\":\"/Users/jonghyukkim/dev/supreme-court-serverless/functions/node_modules/firebase-admin/lib/index.js\"}"}}
[debug] [2020-09-05T14:17:00.868Z] [runtime-status] [13584] Resolved module firebase-functions {"declared":true,"installed":true,"version":"3.11.0","resolution":"/Users/jonghyukkim/dev/supreme-court-serverless/functions/node_modules/firebase-functions/lib/index.js"} {"metadata":{"emulator":{"name":"functions"},"message":"[runtime-status] [13584] Resolved module firebase-functions {\"declared\":true,\"installed\":true,\"version\":\"3.11.0\",\"resolution\":\"/Users/jonghyukkim/dev/supreme-court-serverless/functions/node_modules/firebase-functions/lib/index.js\"}"}}
[debug] [2020-09-05T14:17:00.869Z] [runtime-status] [13584] Resolved module firebase-functions {"declared":true,"installed":true,"version":"3.11.0","resolution":"/Users/jonghyukkim/dev/supreme-court-serverless/functions/node_modules/firebase-functions/lib/index.js"} {"metadata":{"emulator":{"name":"functions"},"message":"[runtime-status] [13584] Resolved module firebase-functions {\"declared\":true,\"installed\":true,\"version\":\"3.11.0\",\"resolution\":\"/Users/jonghyukkim/dev/supreme-court-serverless/functions/node_modules/firebase-functions/lib/index.js\"}"}}
[debug] [2020-09-05T14:17:00.870Z] [runtime-status] [13584] Outgoing network have been stubbed. [{"name":"http","status":"mocked"},{"name":"http","status":"mocked"},{"name":"https","status":"mocked"},{"name":"https","status":"mocked"},{"name":"net","status":"mocked"}] {"metadata":{"emulator":{"name":"functions"},"message":"[runtime-status] [13584] Outgoing network have been stubbed. [{\"name\":\"http\",\"status\":\"mocked\"},{\"name\":\"http\",\"status\":\"mocked\"},{\"name\":\"https\",\"status\":\"mocked\"},{\"name\":\"https\",\"status\":\"mocked\"},{\"name\":\"net\",\"status\":\"mocked\"}]"}}
[debug] [2020-09-05T14:17:00.872Z] [runtime-status] [13584] Resolved module firebase-functions {"declared":true,"installed":true,"version":"3.11.0","resolution":"/Users/jonghyukkim/dev/supreme-court-serverless/functions/node_modules/firebase-functions/lib/index.js"} {"metadata":{"emulator":{"name":"functions"},"message":"[runtime-status] [13584] Resolved module firebase-functions {\"declared\":true,\"installed\":true,\"version\":\"3.11.0\",\"resolution\":\"/Users/jonghyukkim/dev/supreme-court-serverless/functions/node_modules/firebase-functions/lib/index.js\"}"}}
[debug] [2020-09-05T14:17:00.943Z] [runtime-status] [13584] Checked functions.config() {"config":{}} {"metadata":{"emulator":{"name":"functions"},"message":"[runtime-status] [13584] Checked functions.config() {\"config\":{}}"}}
[debug] [2020-09-05T14:17:00.943Z] [runtime-status] [13584] firebase-functions has been stubbed. {"functionsResolution":{"declared":true,"installed":true,"version":"3.11.0","resolution":"/Users/jonghyukkim/dev/supreme-court-serverless/functions/node_modules/firebase-functions/lib/index.js"}} {"metadata":{"emulator":{"name":"functions"},"message":"[runtime-status] [13584] firebase-functions has been stubbed. {\"functionsResolution\":{\"declared\":true,\"installed\":true,\"version\":\"3.11.0\",\"resolution\":\"/Users/jonghyukkim/dev/supreme-court-serverless/functions/node_modules/firebase-functions/lib/index.js\"}}"}}
[debug] [2020-09-05T14:17:00.943Z] [runtime-status] [13584] Resolved module firebase-functions {"declared":true,"installed":true,"version":"3.11.0","resolution":"/Users/jonghyukkim/dev/supreme-court-serverless/functions/node_modules/firebase-functions/lib/index.js"} {"metadata":{"emulator":{"name":"functions"},"message":"[runtime-status] [13584] Resolved module firebase-functions {\"declared\":true,\"installed\":true,\"version\":\"3.11.0\",\"resolution\":\"/Users/jonghyukkim/dev/supreme-court-serverless/functions/node_modules/firebase-functions/lib/index.js\"}"}}
[debug] [2020-09-05T14:17:00.944Z] [runtime-status] [13584] Resolved module firebase-admin {"declared":true,"installed":true,"version":"8.13.0","resolution":"/Users/jonghyukkim/dev/supreme-court-serverless/functions/node_modules/firebase-admin/lib/index.js"} {"metadata":{"emulator":{"name":"functions"},"message":"[runtime-status] [13584] Resolved module firebase-admin {\"declared\":true,\"installed\":true,\"version\":\"8.13.0\",\"resolution\":\"/Users/jonghyukkim/dev/supreme-court-serverless/functions/node_modules/firebase-admin/lib/index.js\"}"}}
[debug] [2020-09-05T14:17:00.944Z] [runtime-status] [13584] Resolved module firebase-functions {"declared":true,"installed":true,"version":"3.11.0","resolution":"/Users/jonghyukkim/dev/supreme-court-serverless/functions/node_modules/firebase-functions/lib/index.js"} {"metadata":{"emulator":{"name":"functions"},"message":"[runtime-status] [13584] Resolved module firebase-functions {\"declared\":true,\"installed\":true,\"version\":\"3.11.0\",\"resolution\":\"/Users/jonghyukkim/dev/supreme-court-serverless/functions/node_modules/firebase-functions/lib/index.js\"}"}}
[debug] [2020-09-05T14:17:00.945Z] [runtime-status] [13584] firebase-admin has been stubbed. {"adminResolution":{"declared":true,"installed":true,"version":"8.13.0","resolution":"/Users/jonghyukkim/dev/supreme-court-serverless/functions/node_modules/firebase-admin/lib/index.js"}} {"metadata":{"emulator":{"name":"functions"},"message":"[runtime-status] [13584] firebase-admin has been stubbed. {\"adminResolution\":{\"declared\":true,\"installed\":true,\"version\":\"8.13.0\",\"resolution\":\"/Users/jonghyukkim/dev/supreme-court-serverless/functions/node_modules/firebase-admin/lib/index.js\"}}"}}
[debug] [2020-09-05T14:17:01.139Z] [runtime-status] [13584] initializeApp(DEFAULT) {"credential":{"implicit":true,"refreshToken":{"clientId":"563584335869-fgrhgmd47bqnekij5i8b5pr03ho849e6.apps.googleusercontent.com","clientSecret":"j9iVZfS8kkCEFUPaAeJV0sAi","refreshToken":"1//0er7oKqWz6H2UCgYIARAAGA4SNwF-L9IrBH5eHGFwkL78vXZxKqfgYPI0saZo3pxWKHSoHVF8ZAJnrzDHdoonfpyf2RBUIi3ld20","type":"authorized_user"},"httpClient":{"retry":{"maxRetries":4,"statusCodes":[503],"ioErrorCodes":["ECONNRESET","ETIMEDOUT"],"backOffFactor":0.5,"maxDelayInMillis":60000}}},"databaseURL":"https://supreme-court-tweet-bot-63f82.firebaseio.com/"} {"metadata":{"emulator":{"name":"functions"},"message":"[runtime-status] [13584] initializeApp(DEFAULT) {\"credential\":{\"implicit\":true,\"refreshToken\":{\"clientId\":\"563584335869-fgrhgmd47bqnekij5i8b5pr03ho849e6.apps.googleusercontent.com\",\"clientSecret\":\"j9iVZfS8kkCEFUPaAeJV0sAi\",\"refreshToken\":\"1//0er7oKqWz6H2UCgYIARAAGA4SNwF-L9IrBH5eHGFwkL78vXZxKqfgYPI0saZo3pxWKHSoHVF8ZAJnrzDHdoonfpyf2RBUIi3ld20\",\"type\":\"authorized_user\"},\"httpClient\":{\"retry\":{\"maxRetries\":4,\"statusCodes\":[503],\"ioErrorCodes\":[\"ECONNRESET\",\"ETIMEDOUT\"],\"backOffFactor\":0.5,\"maxDelayInMillis\":60000}}},\"databaseURL\":\"https://supreme-court-tweet-bot-63f82.firebaseio.com/\"}"}}
[debug] [2020-09-05T14:17:01.143Z] [worker-~diagnostic~-e7c893bf-8d13-409a-bc9c-d4ab68584a12]: IDLE {"metadata":{"emulator":{"name":"functions"},"message":"[worker-~diagnostic~-e7c893bf-8d13-409a-bc9c-d4ab68584a12]: IDLE"}}
